<?xml version="1.0" encoding="UTF-8"?>
<!-- Generated by org.testng.reporters.JUnitXMLReporter -->
<testsuite ignored="0" hostname="MSI" failures="2" tests="17" name="Edge" time="121.156" errors="0" timestamp="2022-10-08T18:49:04 IST">
  <testcase classname="com.TestNGdemo.b.B" name="m4" time="0.003"/>
  <testcase classname="com.TestNGdemo.b.B" name="m5" time="0.001"/>
  <testcase classname="com.TestNGdemo.b.B" name="m6" time="0.001"/>
  <testcase classname="com.TestNGdemo.b.B" name="m7" time="0.0"/>
  <testcase classname="com.TestNGdemo.c.C" name="m1" time="0.001"/>
  <testcase classname="com.TestNGdemo.c.C" name="m2" time="0.001"/>
  <testcase classname="com.TestNGdemo.c.C" name="m3" time="0.001"/>
  <testcase classname="com.TestNGdemo.c.C" name="m4" time="0.001"/>
  <testcase classname="com.TestNGdemo.c.C" name="m5" time="0.004"/>
  <testcase classname="com.TestNGdemo.c.C" name="m6" time="0.006"/>
  <testcase classname="com.TestNGdemo.c.C" name="m7" time="0.002"/>
  <testcase classname="com.Parallelism.ParametersTestNG" name="m4" time="0.002"/>
  <testcase classname="com.Parallelism.ParametersTestNG" name="m5" time="0.002">
    <failure type="java.lang.AssertionError">
      <![CDATA[java.lang.AssertionError
at com.Parallelism.ParametersTestNG.m5(ParametersTestNG.java:19)
at java.base/java.util.ArrayList.forEach(ArrayList.java:1511)
at java.base/java.util.concurrent.FutureTask.run(FutureTask.java:264)
at java.base/java.util.concurrent.ThreadPoolExecutor.runWorker(ThreadPoolExecutor.java:1136)
at java.base/java.util.concurrent.ThreadPoolExecutor$Worker.run(ThreadPoolExecutor.java:635)
at java.base/java.lang.Thread.run(Thread.java:833)
... Removed 16 stack frames]]>
    </failure>
  </testcase> <!-- m5 -->
  <testcase classname="com.Parallelism.ParametersTestNG" name="m6" time="0.004"/>
  <testcase classname="com.Parallelism.ParametersTestNG" name="m1" time="0.0">
    <failure type="org.testng.TestNGException" message="
Parameter &amp;apos;num1&amp;apos; is required by @Test on method m1 but has not been marked @Optional or defined
in C:\Users\sagar\eclipse-workspace\TestNG\crossbrowsertesting.xml">
      <![CDATA[org.testng.TestNGException: 
Parameter 'num1' is required by @Test on method m1 but has not been marked @Optional or defined
in C:\Users\sagar\eclipse-workspace\TestNG\crossbrowsertesting.xml
at java.base/java.util.ArrayList.forEach(ArrayList.java:1511)
at java.base/java.util.concurrent.FutureTask.run(FutureTask.java:264)
at java.base/java.util.concurrent.ThreadPoolExecutor.runWorker(ThreadPoolExecutor.java:1136)
at java.base/java.util.concurrent.ThreadPoolExecutor$Worker.run(ThreadPoolExecutor.java:635)
at java.base/java.lang.Thread.run(Thread.java:833)
... Removed 17 stack frames]]>
    </failure>
  </testcase> <!-- m1 -->
  <testcase classname="com.Parallelism.ParametersTestNG" name="m2" time="0.003"/>
  <testcase classname="com.Parallelism.ParametersTestNG" name="m3" time="0.007"/>
</testsuite> <!-- Edge -->
